  Carta.cpp
  Dealer.cpp
C:\Users\chand\OneDrive\Escritorio\ProyectoPrograI-master\ProyectoPrograI\Dealer.cpp(8,7): error C2660: 'JugadorGenerico::sePaso': la función no acepta 0 argumentos
C:\Users\chand\OneDrive\Escritorio\ProyectoPrograI-master\ProyectoPrograI\JugadorGenerico.h(15,7): message : vea la declaración de 'JugadorGenerico::sePaso'
C:\Users\chand\OneDrive\Escritorio\ProyectoPrograI-master\ProyectoPrograI\Dealer.cpp(8,7): message : al hacer coincidir la lista de argumentos '()'
C:\Users\chand\OneDrive\Escritorio\ProyectoPrograI-master\ProyectoPrograI\Dealer.cpp(27,22): error C2039: "setBocaAbajo": no es un miembro de "Carta"
C:\Users\chand\OneDrive\Escritorio\ProyectoPrograI-master\ProyectoPrograI\Carta.h(10,7): message : vea la declaración de 'Carta'
  Juego.cpp
C:\Users\chand\OneDrive\Escritorio\ProyectoPrograI-master\ProyectoPrograI\Juego.h(11,18): error C2259: "JugadorGenerico": no se puede crear una instancia de una clase abstract
C:\Users\chand\OneDrive\Escritorio\ProyectoPrograI-master\ProyectoPrograI\JugadorGenerico.h(9,7): message : vea la declaración de 'JugadorGenerico'
C:\Users\chand\OneDrive\Escritorio\ProyectoPrograI-master\ProyectoPrograI\Juego.h(11,18): message : debido a los siguientes miembros:
C:\Users\chand\OneDrive\Escritorio\ProyectoPrograI-master\ProyectoPrograI\Juego.h(11,18): message : 'Carta *JugadorGenerico::pedirCarta(void)': es abstracto
C:\Users\chand\OneDrive\Escritorio\ProyectoPrograI-master\ProyectoPrograI\JugadorGenerico.h(14,17): message : vea la declaración de 'JugadorGenerico::pedirCarta'
C:\Users\chand\OneDrive\Escritorio\ProyectoPrograI-master\ProyectoPrograI\Juego.cpp(3,16): error C2512: 'JugadorGenerico': no hay disponible un constructor predeterminado adecuado
C:\Users\chand\OneDrive\Escritorio\ProyectoPrograI-master\ProyectoPrograI\JugadorGenerico.h(9,7): message : vea la declaración de 'JugadorGenerico'
C:\Users\chand\OneDrive\Escritorio\ProyectoPrograI-master\ProyectoPrograI\Juego.cpp(22,16): error C2660: 'JugadorGenerico::pedirCarta': la función no acepta 1 argumentos
C:\Users\chand\OneDrive\Escritorio\ProyectoPrograI-master\ProyectoPrograI\JugadorGenerico.h(14,17): message : vea la declaración de 'JugadorGenerico::pedirCarta'
C:\Users\chand\OneDrive\Escritorio\ProyectoPrograI-master\ProyectoPrograI\Juego.cpp(22,16): message : al hacer coincidir la lista de argumentos '(Mazo *)'
C:\Users\chand\OneDrive\Escritorio\ProyectoPrograI-master\ProyectoPrograI\Juego.cpp(23,16): error C2660: 'JugadorGenerico::pedirCarta': la función no acepta 1 argumentos
C:\Users\chand\OneDrive\Escritorio\ProyectoPrograI-master\ProyectoPrograI\JugadorGenerico.h(14,17): message : vea la declaración de 'JugadorGenerico::pedirCarta'
C:\Users\chand\OneDrive\Escritorio\ProyectoPrograI-master\ProyectoPrograI\Juego.cpp(23,16): message : al hacer coincidir la lista de argumentos '(Mazo *)'
C:\Users\chand\OneDrive\Escritorio\ProyectoPrograI-master\ProyectoPrograI\Juego.cpp(26,11): error C2660: 'JugadorGenerico::pedirCarta': la función no acepta 1 argumentos
C:\Users\chand\OneDrive\Escritorio\ProyectoPrograI-master\ProyectoPrograI\JugadorGenerico.h(14,17): message : vea la declaración de 'JugadorGenerico::pedirCarta'
C:\Users\chand\OneDrive\Escritorio\ProyectoPrograI-master\ProyectoPrograI\Juego.cpp(26,11): message : al hacer coincidir la lista de argumentos '(Mazo *)'
C:\Users\chand\OneDrive\Escritorio\ProyectoPrograI-master\ProyectoPrograI\Juego.cpp(27,11): error C2660: 'JugadorGenerico::pedirCarta': la función no acepta 1 argumentos
C:\Users\chand\OneDrive\Escritorio\ProyectoPrograI-master\ProyectoPrograI\JugadorGenerico.h(14,17): message : vea la declaración de 'JugadorGenerico::pedirCarta'
C:\Users\chand\OneDrive\Escritorio\ProyectoPrograI-master\ProyectoPrograI\Juego.cpp(27,11): message : al hacer coincidir la lista de argumentos '(Mazo *)'
C:\Users\chand\OneDrive\Escritorio\ProyectoPrograI-master\ProyectoPrograI\Juego.cpp(38,22): error C2039: "mostrarMano": no es un miembro de "JugadorGenerico"
C:\Users\chand\OneDrive\Escritorio\ProyectoPrograI-master\ProyectoPrograI\JugadorGenerico.h(9,7): message : vea la declaración de 'JugadorGenerico'
C:\Users\chand\OneDrive\Escritorio\ProyectoPrograI-master\ProyectoPrograI\Juego.cpp(46,44): error C2660: 'JugadorGenerico::pedirCarta': la función no acepta 1 argumentos
C:\Users\chand\OneDrive\Escritorio\ProyectoPrograI-master\ProyectoPrograI\JugadorGenerico.h(14,17): message : vea la declaración de 'JugadorGenerico::pedirCarta'
C:\Users\chand\OneDrive\Escritorio\ProyectoPrograI-master\ProyectoPrograI\Juego.cpp(46,44): message : al hacer coincidir la lista de argumentos '(Mazo *)'
C:\Users\chand\OneDrive\Escritorio\ProyectoPrograI-master\ProyectoPrograI\Juego.cpp(48,68): error C2039: "toString": no es un miembro de "Carta"
C:\Users\chand\OneDrive\Escritorio\ProyectoPrograI-master\ProyectoPrograI\Carta.h(10,7): message : vea la declaración de 'Carta'
C:\Users\chand\OneDrive\Escritorio\ProyectoPrograI-master\ProyectoPrograI\Juego.cpp(58,24): error C2660: 'JugadorGenerico::sePaso': la función no acepta 0 argumentos
C:\Users\chand\OneDrive\Escritorio\ProyectoPrograI-master\ProyectoPrograI\JugadorGenerico.h(15,7): message : vea la declaración de 'JugadorGenerico::sePaso'
C:\Users\chand\OneDrive\Escritorio\ProyectoPrograI-master\ProyectoPrograI\Juego.cpp(58,24): message : al hacer coincidir la lista de argumentos '()'
C:\Users\chand\OneDrive\Escritorio\ProyectoPrograI-master\ProyectoPrograI\Juego.cpp(59,39): error C2039: "getNickname": no es un miembro de "JugadorGenerico"
C:\Users\chand\OneDrive\Escritorio\ProyectoPrograI-master\ProyectoPrograI\JugadorGenerico.h(9,7): message : vea la declaración de 'JugadorGenerico'
C:\Users\chand\OneDrive\Escritorio\ProyectoPrograI-master\ProyectoPrograI\Juego.cpp(69,16): error C2039: "mostrarMano": no es un miembro de "JugadorGenerico"
C:\Users\chand\OneDrive\Escritorio\ProyectoPrograI-master\ProyectoPrograI\JugadorGenerico.h(9,7): message : vea la declaración de 'JugadorGenerico'
C:\Users\chand\OneDrive\Escritorio\ProyectoPrograI-master\ProyectoPrograI\Juego.cpp(72,23): error C2039: "debePedir": no es un miembro de "JugadorGenerico"
C:\Users\chand\OneDrive\Escritorio\ProyectoPrograI-master\ProyectoPrograI\JugadorGenerico.h(9,7): message : vea la declaración de 'JugadorGenerico'
C:\Users\chand\OneDrive\Escritorio\ProyectoPrograI-master\ProyectoPrograI\Juego.cpp(73,39): error C2660: 'JugadorGenerico::pedirCarta': la función no acepta 1 argumentos
C:\Users\chand\OneDrive\Escritorio\ProyectoPrograI-master\ProyectoPrograI\JugadorGenerico.h(14,17): message : vea la declaración de 'JugadorGenerico::pedirCarta'
C:\Users\chand\OneDrive\Escritorio\ProyectoPrograI-master\ProyectoPrograI\Juego.cpp(73,39): message : al hacer coincidir la lista de argumentos '(Mazo *)'
C:\Users\chand\OneDrive\Escritorio\ProyectoPrograI-master\ProyectoPrograI\Juego.cpp(75,78): error C2039: "toString": no es un miembro de "Carta"
C:\Users\chand\OneDrive\Escritorio\ProyectoPrograI-master\ProyectoPrograI\Carta.h(10,7): message : vea la declaración de 'Carta'
C:\Users\chand\OneDrive\Escritorio\ProyectoPrograI-master\ProyectoPrograI\Juego.cpp(79,19): error C2660: 'JugadorGenerico::sePaso': la función no acepta 0 argumentos
C:\Users\chand\OneDrive\Escritorio\ProyectoPrograI-master\ProyectoPrograI\JugadorGenerico.h(15,7): message : vea la declaración de 'JugadorGenerico::sePaso'
C:\Users\chand\OneDrive\Escritorio\ProyectoPrograI-master\ProyectoPrograI\Juego.cpp(79,19): message : al hacer coincidir la lista de argumentos '()'
  Jugador.cpp
C:\Users\chand\OneDrive\Escritorio\ProyectoPrograI-master\ProyectoPrograI\Jugador.cpp(8,7): error C2660: 'JugadorGenerico::sePaso': la función no acepta 0 argumentos
C:\Users\chand\OneDrive\Escritorio\ProyectoPrograI-master\ProyectoPrograI\JugadorGenerico.h(15,7): message : vea la declaración de 'JugadorGenerico::sePaso'
C:\Users\chand\OneDrive\Escritorio\ProyectoPrograI-master\ProyectoPrograI\Jugador.cpp(8,7): message : al hacer coincidir la lista de argumentos '()'
  JugadorGenerico.cpp
  Lista.cpp
  Mano.cpp
C:\Users\chand\OneDrive\Escritorio\ProyectoPrograI-master\ProyectoPrograI\Mano.cpp(68,5): error C2360: la inicialización de 'valor' se omite en la etiqueta 'case'
C:\Users\chand\OneDrive\Escritorio\ProyectoPrograI-master\ProyectoPrograI\Mano.cpp(57,13): message : vea la declaración de 'valor'
C:\Users\chand\OneDrive\Escritorio\ProyectoPrograI-master\ProyectoPrograI\Mano.cpp(73,5): error C2360: la inicialización de 'valor' se omite en la etiqueta 'case'
C:\Users\chand\OneDrive\Escritorio\ProyectoPrograI-master\ProyectoPrograI\Mano.cpp(57,13): message : vea la declaración de 'valor'
C:\Users\chand\OneDrive\Escritorio\ProyectoPrograI-master\ProyectoPrograI\Mano.cpp(78,5): error C2360: la inicialización de 'valor' se omite en la etiqueta 'case'
C:\Users\chand\OneDrive\Escritorio\ProyectoPrograI-master\ProyectoPrograI\Mano.cpp(57,13): message : vea la declaración de 'valor'
C:\Users\chand\OneDrive\Escritorio\ProyectoPrograI-master\ProyectoPrograI\Mano.cpp(83,5): error C2360: la inicialización de 'valor' se omite en la etiqueta 'case'
C:\Users\chand\OneDrive\Escritorio\ProyectoPrograI-master\ProyectoPrograI\Mano.cpp(57,13): message : vea la declaración de 'valor'
C:\Users\chand\OneDrive\Escritorio\ProyectoPrograI-master\ProyectoPrograI\Mano.cpp(89,5): error C2360: la inicialización de 'valor' se omite en la etiqueta 'case'
C:\Users\chand\OneDrive\Escritorio\ProyectoPrograI-master\ProyectoPrograI\Mano.cpp(57,13): message : vea la declaración de 'valor'
C:\Users\chand\OneDrive\Escritorio\ProyectoPrograI-master\ProyectoPrograI\Mano.cpp(95,5): error C2360: la inicialización de 'valor' se omite en la etiqueta 'case'
C:\Users\chand\OneDrive\Escritorio\ProyectoPrograI-master\ProyectoPrograI\Mano.cpp(57,13): message : vea la declaración de 'valor'
C:\Users\chand\OneDrive\Escritorio\ProyectoPrograI-master\ProyectoPrograI\Mano.cpp(101,5): error C2360: la inicialización de 'valor' se omite en la etiqueta 'case'
C:\Users\chand\OneDrive\Escritorio\ProyectoPrograI-master\ProyectoPrograI\Mano.cpp(57,13): message : vea la declaración de 'valor'
C:\Users\chand\OneDrive\Escritorio\ProyectoPrograI-master\ProyectoPrograI\Mano.cpp(107,5): error C2360: la inicialización de 'valor' se omite en la etiqueta 'case'
C:\Users\chand\OneDrive\Escritorio\ProyectoPrograI-master\ProyectoPrograI\Mano.cpp(57,13): message : vea la declaración de 'valor'
C:\Users\chand\OneDrive\Escritorio\ProyectoPrograI-master\ProyectoPrograI\Mano.cpp(113,5): error C2360: la inicialización de 'valor' se omite en la etiqueta 'case'
C:\Users\chand\OneDrive\Escritorio\ProyectoPrograI-master\ProyectoPrograI\Mano.cpp(57,13): message : vea la declaración de 'valor'
C:\Users\chand\OneDrive\Escritorio\ProyectoPrograI-master\ProyectoPrograI\Mano.cpp(119,5): error C2360: la inicialización de 'valor' se omite en la etiqueta 'case'
C:\Users\chand\OneDrive\Escritorio\ProyectoPrograI-master\ProyectoPrograI\Mano.cpp(57,13): message : vea la declaración de 'valor'
C:\Users\chand\OneDrive\Escritorio\ProyectoPrograI-master\ProyectoPrograI\Mano.cpp(127,5): error C2360: la inicialización de 'valor' se omite en la etiqueta 'case'
C:\Users\chand\OneDrive\Escritorio\ProyectoPrograI-master\ProyectoPrograI\Mano.cpp(57,13): message : vea la declaración de 'valor'
C:\Users\chand\OneDrive\Escritorio\ProyectoPrograI-master\ProyectoPrograI\Mano.cpp(135,5): error C2360: la inicialización de 'valor' se omite en la etiqueta 'case'
C:\Users\chand\OneDrive\Escritorio\ProyectoPrograI-master\ProyectoPrograI\Mano.cpp(57,13): message : vea la declaración de 'valor'
  Mazo.cpp
  Nodo.cpp
  ProyectoPrograI.cpp
  Generando código...
